[debug] [2023-11-18T20:56:03.607Z] ----------------------------------------------------------------------
[debug] [2023-11-18T20:56:03.611Z] Command:       /Users/cejim/.nvm/versions/node/v20.3.0/bin/node /Users/cejim/.nvm/versions/node/v20.3.0/bin/firebase deploy
[debug] [2023-11-18T20:56:03.612Z] CLI Version:   12.8.1
[debug] [2023-11-18T20:56:03.612Z] Platform:      darwin
[debug] [2023-11-18T20:56:03.612Z] Node Version:  v20.3.0
[debug] [2023-11-18T20:56:03.612Z] Time:          Sat Nov 18 2023 15:56:03 GMT-0500 (Eastern Standard Time)
[debug] [2023-11-18T20:56:03.612Z] ----------------------------------------------------------------------
[debug] 
[debug] [2023-11-18T20:56:03.766Z] > command requires scopes: ["email","openid","https://www.googleapis.com/auth/cloudplatformprojects.readonly","https://www.googleapis.com/auth/firebase","https://www.googleapis.com/auth/cloud-platform"]
[debug] [2023-11-18T20:56:03.767Z] > authorizing via signed-in user (christianjimenez0123@gmail.com)
[debug] [2023-11-18T20:56:03.767Z] [iam] checking project pb-android-2725a for permissions ["datastore.indexes.create","datastore.indexes.delete","datastore.indexes.list","datastore.indexes.update","firebase.projects.get","firebasehosting.sites.update","firebaserules.releases.create","firebaserules.releases.update","firebaserules.rulesets.create"]
[debug] [2023-11-18T20:56:03.769Z] >>> [apiv2][query] POST https://cloudresourcemanager.googleapis.com/v1/projects/pb-android-2725a:testIamPermissions [none]
[debug] [2023-11-18T20:56:03.769Z] >>> [apiv2][(partial)header] POST https://cloudresourcemanager.googleapis.com/v1/projects/pb-android-2725a:testIamPermissions x-goog-quota-user=projects/pb-android-2725a
[debug] [2023-11-18T20:56:03.770Z] >>> [apiv2][body] POST https://cloudresourcemanager.googleapis.com/v1/projects/pb-android-2725a:testIamPermissions {"permissions":["datastore.indexes.create","datastore.indexes.delete","datastore.indexes.list","datastore.indexes.update","firebase.projects.get","firebasehosting.sites.update","firebaserules.releases.create","firebaserules.releases.update","firebaserules.rulesets.create"]}
[debug] [2023-11-18T20:56:29.055Z] *** [apiv2] error from fetch(https://cloudresourcemanager.googleapis.com/v1/projects/pb-android-2725a:testIamPermissions, {"headers":{},"method":"POST","body":"{\"permissions\":[\"datastore.indexes.create\",\"datastore.indexes.delete\",\"datastore.indexes.list\",\"datastore.indexes.update\",\"firebase.projects.get\",\"firebasehosting.sites.update\",\"firebaserules.releases.create\",\"firebaserules.releases.update\",\"firebaserules.rulesets.create\"]}"}): FetchError: request to https://cloudresourcemanager.googleapis.com/v1/projects/pb-android-2725a:testIamPermissions failed, reason: getaddrinfo ENOTFOUND cloudresourcemanager.googleapis.com
[debug] [2023-11-18T20:56:29.057Z] [iam] error while checking permissions, command may fail: FirebaseError: Failed to make request to https://cloudresourcemanager.googleapis.com/v1/projects/pb-android-2725a:testIamPermissions
[debug] [2023-11-18T20:56:29.059Z] >>> [apiv2][query] GET https://firebase.googleapis.com/v1beta1/projects/pb-android-2725a [none]
[debug] [2023-11-18T20:56:29.074Z] *** [apiv2] error from fetch(https://firebase.googleapis.com/v1beta1/projects/pb-android-2725a, {"headers":{},"method":"GET","signal":{}}): FetchError: request to https://firebase.googleapis.com/v1beta1/projects/pb-android-2725a failed, reason: getaddrinfo ENOTFOUND firebase.googleapis.com
[debug] [2023-11-18T20:56:29.074Z] Failed to make request to https://firebase.googleapis.com/v1beta1/projects/pb-android-2725a (original: request to https://firebase.googleapis.com/v1beta1/projects/pb-android-2725a failed, reason: getaddrinfo ENOTFOUND firebase.googleapis.com)
[debug] [2023-11-18T20:56:29.081Z] FirebaseError: Failed to make request to https://firebase.googleapis.com/v1beta1/projects/pb-android-2725a
    at RetryOperation._fn (/Users/cejim/.nvm/versions/node/v20.3.0/lib/node_modules/firebase-tools/lib/apiv2.js:239:31)
    at process.processTicksAndRejections (node:internal/process/task_queues:95:5)
[error] 
[error] Error: Failed to get Firebase project pb-android-2725a. Please make sure the project exists and your account has permission to access it.
